2020-01-22 17:03:52.963  INFO 5588 --- [main] ru.kuper.twodbapp.TwoDbAppApplication    : Starting TwoDbAppApplication on KUPRIYANOV with PID 5588 (D:\_JAVA_PROJECTS\two-db-app\target\classes started by i.kupriyanov in D:\_JAVA_PROJECTS\two-db-app)
2020-01-22 17:03:52.967  INFO 5588 --- [main] ru.kuper.twodbapp.TwoDbAppApplication    : No active profile set, falling back to default profiles: default
2020-01-22 17:03:53.740  INFO 5588 --- [main] .s.d.r.c.RepositoryConfigurationDelegate : Multiple Spring Data modules found, entering strict repository configuration mode!
2020-01-22 17:03:53.741  INFO 5588 --- [main] .s.d.r.c.RepositoryConfigurationDelegate : Bootstrapping Spring Data JPA repositories in DEFAULT mode.
2020-01-22 17:03:53.779  INFO 5588 --- [main] .RepositoryConfigurationExtensionSupport : Spring Data JPA - Could not safely identify store assignment for repository candidate interface ru.kuper.twodbapp.repo.LangMongoRepo. If you want this repository to be a JPA repository, consider annotating your entities with one of these annotations: javax.persistence.Entity, javax.persistence.MappedSuperclass (preferred), or consider extending one of the following types with your repository: org.springframework.data.jpa.repository.JpaRepository.
2020-01-22 17:03:53.792  INFO 5588 --- [main] .s.d.r.c.RepositoryConfigurationDelegate : Finished Spring Data repository scanning in 45ms. Found 2 JPA repository interfaces.
2020-01-22 17:03:53.829  INFO 5588 --- [main] .s.d.r.c.RepositoryConfigurationDelegate : Multiple Spring Data modules found, entering strict repository configuration mode!
2020-01-22 17:03:53.829  INFO 5588 --- [main] .s.d.r.c.RepositoryConfigurationDelegate : Bootstrapping Spring Data MongoDB repositories in DEFAULT mode.
2020-01-22 17:03:53.831  INFO 5588 --- [main] .RepositoryConfigurationExtensionSupport : Spring Data MongoDB - Could not safely identify store assignment for repository candidate interface ru.kuper.twodbapp.repo.ImageRepo. If you want this repository to be a MongoDB repository, consider annotating your entities with one of these annotations: org.springframework.data.mongodb.core.mapping.Document (preferred), or consider extending one of the following types with your repository: org.springframework.data.mongodb.repository.MongoRepository.
2020-01-22 17:03:53.834  INFO 5588 --- [main] .RepositoryConfigurationExtensionSupport : Spring Data MongoDB - Could not safely identify store assignment for repository candidate interface ru.kuper.twodbapp.repo.LangMySQLRepo. If you want this repository to be a MongoDB repository, consider annotating your entities with one of these annotations: org.springframework.data.mongodb.core.mapping.Document (preferred), or consider extending one of the following types with your repository: org.springframework.data.mongodb.repository.MongoRepository.
2020-01-22 17:03:53.836  INFO 5588 --- [main] .s.d.r.c.RepositoryConfigurationDelegate : Finished Spring Data repository scanning in 6ms. Found 1 MongoDB repository interfaces.
2020-01-22 17:03:54.055  INFO 5588 --- [main] trationDelegate$BeanPostProcessorChecker : Bean 'org.springframework.transaction.annotation.ProxyTransactionManagementConfiguration' of type [org.springframework.transaction.annotation.ProxyTransactionManagementConfiguration] is not eligible for getting processed by all BeanPostProcessors (for example: not eligible for auto-proxying)
2020-01-22 17:03:54.205  INFO 5588 --- [main] o.s.b.w.embedded.tomcat.TomcatWebServer  : Tomcat initialized with port(s): 8080 (http)
2020-01-22 17:03:54.211  INFO 5588 --- [main] o.apache.catalina.core.StandardService   : Starting service [Tomcat]
2020-01-22 17:03:54.212  INFO 5588 --- [main] org.apache.catalina.core.StandardEngine  : Starting Servlet engine: [Apache Tomcat/9.0.29]
2020-01-22 17:03:54.289  INFO 5588 --- [main] o.a.c.c.C.[Tomcat].[localhost].[/]       : Initializing Spring embedded WebApplicationContext
2020-01-22 17:03:54.290  INFO 5588 --- [main] o.s.web.context.ContextLoader            : Root WebApplicationContext: initialization completed in 1278 ms
2020-01-22 17:03:54.441  INFO 5588 --- [main] o.hibernate.jpa.internal.util.LogHelper  : HHH000204: Processing PersistenceUnitInfo [name: default]
2020-01-22 17:03:54.481  INFO 5588 --- [main] org.hibernate.Version                    : HHH000412: Hibernate Core {5.4.9.Final}
2020-01-22 17:03:54.657  INFO 5588 --- [main] o.hibernate.annotations.common.Version   : HCANN000001: Hibernate Commons Annotations {5.1.0.Final}
2020-01-22 17:03:54.719  INFO 5588 --- [main] com.zaxxer.hikari.HikariDataSource       : HikariPool-1 - Starting...
2020-01-22 17:03:54.966  INFO 5588 --- [main] com.zaxxer.hikari.HikariDataSource       : HikariPool-1 - Start completed.
2020-01-22 17:03:54.974  INFO 5588 --- [main] org.hibernate.dialect.Dialect            : HHH000400: Using dialect: org.hibernate.dialect.MySQL8Dialect
2020-01-22 17:03:55.475  INFO 5588 --- [main] o.h.e.t.j.p.i.JtaPlatformInitiator       : HHH000490: Using JtaPlatform implementation: [org.hibernate.engine.transaction.jta.platform.internal.NoJtaPlatform]
2020-01-22 17:03:55.480  INFO 5588 --- [main] j.LocalContainerEntityManagerFactoryBean : Initialized JPA EntityManagerFactory for persistence unit 'default'
2020-01-22 17:03:55.552  INFO 5588 --- [main] org.mongodb.driver.cluster               : Cluster created with settings {hosts=[localhost:27017], mode=MULTIPLE, requiredClusterType=UNKNOWN, serverSelectionTimeout='30000 ms', maxWaitQueueSize=500}
2020-01-22 17:03:55.552  INFO 5588 --- [main] org.mongodb.driver.cluster               : Adding discovered server localhost:27017 to client view of cluster
2020-01-22 17:03:55.603  INFO 5588 --- [cluster-ClusterId{value='5e28564bfa30f87a69b9053e', description='null'}-localhost:27017] org.mongodb.driver.connection            : Opened connection [connectionId{localValue:1, serverValue:12}] to localhost:27017
2020-01-22 17:03:55.608  INFO 5588 --- [cluster-ClusterId{value='5e28564bfa30f87a69b9053e', description='null'}-localhost:27017] org.mongodb.driver.cluster               : Monitor thread successfully connected to server with description ServerDescription{address=localhost:27017, type=STANDALONE, state=CONNECTED, ok=true, version=ServerVersion{versionList=[4, 2, 2]}, minWireVersion=0, maxWireVersion=8, maxDocumentSize=16777216, logicalSessionTimeoutMinutes=30, roundTripTimeNanos=3217860}
2020-01-22 17:03:55.609  INFO 5588 --- [cluster-ClusterId{value='5e28564bfa30f87a69b9053e', description='null'}-localhost:27017] org.mongodb.driver.cluster               : Discovered cluster type of STANDALONE
2020-01-22 17:03:55.959  WARN 5588 --- [main] JpaBaseConfiguration$JpaWebConfiguration : spring.jpa.open-in-view is enabled by default. Therefore, database queries may be performed during view rendering. Explicitly configure spring.jpa.open-in-view to disable this warning
2020-01-22 17:03:56.059  INFO 5588 --- [main] o.s.s.concurrent.ThreadPoolTaskExecutor  : Initializing ExecutorService 'applicationTaskExecutor'
2020-01-22 17:03:56.267  INFO 5588 --- [main] o.s.b.w.embedded.tomcat.TomcatWebServer  : Tomcat started on port(s): 8080 (http) with context path ''
2020-01-22 17:03:56.268  INFO 5588 --- [main] ru.kuper.twodbapp.TwoDbAppApplication    : Started TwoDbAppApplication in 3.86 seconds (JVM running for 4.466)
2020-01-22 17:03:56.775  INFO 5588 --- [main] org.mongodb.driver.connection            : Opened connection [connectionId{localValue:2, serverValue:13}] to localhost:27017
2020-01-22 17:04:09.919  INFO 5588 --- [http-nio-8080-exec-1] o.a.c.c.C.[Tomcat].[localhost].[/]       : Initializing Spring DispatcherServlet 'dispatcherServlet'
2020-01-22 17:04:09.919  INFO 5588 --- [http-nio-8080-exec-1] o.s.web.servlet.DispatcherServlet        : Initializing Servlet 'dispatcherServlet'
2020-01-22 17:04:09.924  INFO 5588 --- [http-nio-8080-exec-1] o.s.web.servlet.DispatcherServlet        : Completed initialization in 5 ms
2020-01-22 17:23:10.151  INFO 7696 --- [main] ru.kuper.twodbapp.TwoDbAppApplication    : Starting TwoDbAppApplication on KUPRIYANOV with PID 7696 (D:\_JAVA_PROJECTS\two-db-app\target\classes started by i.kupriyanov in D:\_JAVA_PROJECTS\two-db-app)
2020-01-22 17:23:10.155  INFO 7696 --- [main] ru.kuper.twodbapp.TwoDbAppApplication    : No active profile set, falling back to default profiles: default
2020-01-22 17:23:11.185  INFO 7696 --- [main] .s.d.r.c.RepositoryConfigurationDelegate : Multiple Spring Data modules found, entering strict repository configuration mode!
2020-01-22 17:23:11.186  INFO 7696 --- [main] .s.d.r.c.RepositoryConfigurationDelegate : Bootstrapping Spring Data JPA repositories in DEFAULT mode.
2020-01-22 17:23:11.238  INFO 7696 --- [main] .RepositoryConfigurationExtensionSupport : Spring Data JPA - Could not safely identify store assignment for repository candidate interface ru.kuper.twodbapp.repo.LangMongoRepo. If you want this repository to be a JPA repository, consider annotating your entities with one of these annotations: javax.persistence.Entity, javax.persistence.MappedSuperclass (preferred), or consider extending one of the following types with your repository: org.springframework.data.jpa.repository.JpaRepository.
2020-01-22 17:23:11.254  INFO 7696 --- [main] .s.d.r.c.RepositoryConfigurationDelegate : Finished Spring Data repository scanning in 57ms. Found 2 JPA repository interfaces.
2020-01-22 17:23:11.280  INFO 7696 --- [main] .s.d.r.c.RepositoryConfigurationDelegate : Multiple Spring Data modules found, entering strict repository configuration mode!
2020-01-22 17:23:11.281  INFO 7696 --- [main] .s.d.r.c.RepositoryConfigurationDelegate : Bootstrapping Spring Data MongoDB repositories in DEFAULT mode.
2020-01-22 17:23:11.283  INFO 7696 --- [main] .RepositoryConfigurationExtensionSupport : Spring Data MongoDB - Could not safely identify store assignment for repository candidate interface ru.kuper.twodbapp.repo.ImageRepo. If you want this repository to be a MongoDB repository, consider annotating your entities with one of these annotations: org.springframework.data.mongodb.core.mapping.Document (preferred), or consider extending one of the following types with your repository: org.springframework.data.mongodb.repository.MongoRepository.
2020-01-22 17:23:11.287  INFO 7696 --- [main] .RepositoryConfigurationExtensionSupport : Spring Data MongoDB - Could not safely identify store assignment for repository candidate interface ru.kuper.twodbapp.repo.LangMySQLRepo. If you want this repository to be a MongoDB repository, consider annotating your entities with one of these annotations: org.springframework.data.mongodb.core.mapping.Document (preferred), or consider extending one of the following types with your repository: org.springframework.data.mongodb.repository.MongoRepository.
2020-01-22 17:23:11.289  INFO 7696 --- [main] .s.d.r.c.RepositoryConfigurationDelegate : Finished Spring Data repository scanning in 8ms. Found 1 MongoDB repository interfaces.
2020-01-22 17:23:11.601  INFO 7696 --- [main] trationDelegate$BeanPostProcessorChecker : Bean 'org.springframework.transaction.annotation.ProxyTransactionManagementConfiguration' of type [org.springframework.transaction.annotation.ProxyTransactionManagementConfiguration] is not eligible for getting processed by all BeanPostProcessors (for example: not eligible for auto-proxying)
2020-01-22 17:23:11.804  INFO 7696 --- [main] o.s.b.w.embedded.tomcat.TomcatWebServer  : Tomcat initialized with port(s): 8080 (http)
2020-01-22 17:23:11.814  INFO 7696 --- [main] o.apache.catalina.core.StandardService   : Starting service [Tomcat]
2020-01-22 17:23:11.814  INFO 7696 --- [main] org.apache.catalina.core.StandardEngine  : Starting Servlet engine: [Apache Tomcat/9.0.29]
2020-01-22 17:23:11.913  INFO 7696 --- [main] o.a.c.c.C.[Tomcat].[localhost].[/]       : Initializing Spring embedded WebApplicationContext
2020-01-22 17:23:11.913  INFO 7696 --- [main] o.s.web.context.ContextLoader            : Root WebApplicationContext: initialization completed in 1673 ms
2020-01-22 17:23:12.120  INFO 7696 --- [main] o.hibernate.jpa.internal.util.LogHelper  : HHH000204: Processing PersistenceUnitInfo [name: default]
2020-01-22 17:23:12.175  INFO 7696 --- [main] org.hibernate.Version                    : HHH000412: Hibernate Core {5.4.9.Final}
2020-01-22 17:23:12.406  INFO 7696 --- [main] o.hibernate.annotations.common.Version   : HCANN000001: Hibernate Commons Annotations {5.1.0.Final}
2020-01-22 17:23:12.500  INFO 7696 --- [main] com.zaxxer.hikari.HikariDataSource       : HikariPool-1 - Starting...
2020-01-22 17:23:12.807  INFO 7696 --- [main] com.zaxxer.hikari.HikariDataSource       : HikariPool-1 - Start completed.
2020-01-22 17:23:12.818  INFO 7696 --- [main] org.hibernate.dialect.Dialect            : HHH000400: Using dialect: org.hibernate.dialect.MySQL8Dialect
2020-01-22 17:23:13.384  INFO 7696 --- [main] o.h.e.t.j.p.i.JtaPlatformInitiator       : HHH000490: Using JtaPlatform implementation: [org.hibernate.engine.transaction.jta.platform.internal.NoJtaPlatform]
2020-01-22 17:23:13.389  INFO 7696 --- [main] j.LocalContainerEntityManagerFactoryBean : Initialized JPA EntityManagerFactory for persistence unit 'default'
2020-01-22 17:23:13.433  WARN 7696 --- [main] JpaBaseConfiguration$JpaWebConfiguration : spring.jpa.open-in-view is enabled by default. Therefore, database queries may be performed during view rendering. Explicitly configure spring.jpa.open-in-view to disable this warning
2020-01-22 17:23:13.543  INFO 7696 --- [main] org.mongodb.driver.cluster               : Cluster created with settings {hosts=[localhost:27017], mode=MULTIPLE, requiredClusterType=UNKNOWN, serverSelectionTimeout='30000 ms', maxWaitQueueSize=500}
2020-01-22 17:23:13.543  INFO 7696 --- [main] org.mongodb.driver.cluster               : Adding discovered server localhost:27017 to client view of cluster
2020-01-22 17:23:13.598  INFO 7696 --- [cluster-ClusterId{value='5e285ad1bfa82a63b710c2b5', description='null'}-localhost:27017] org.mongodb.driver.connection            : Opened connection [connectionId{localValue:1, serverValue:14}] to localhost:27017
2020-01-22 17:23:13.602  INFO 7696 --- [cluster-ClusterId{value='5e285ad1bfa82a63b710c2b5', description='null'}-localhost:27017] org.mongodb.driver.cluster               : Monitor thread successfully connected to server with description ServerDescription{address=localhost:27017, type=STANDALONE, state=CONNECTED, ok=true, version=ServerVersion{versionList=[4, 2, 2]}, minWireVersion=0, maxWireVersion=8, maxDocumentSize=16777216, logicalSessionTimeoutMinutes=30, roundTripTimeNanos=2585924}
2020-01-22 17:23:13.603  INFO 7696 --- [cluster-ClusterId{value='5e285ad1bfa82a63b710c2b5', description='null'}-localhost:27017] org.mongodb.driver.cluster               : Discovered cluster type of STANDALONE
2020-01-22 17:23:14.189  INFO 7696 --- [main] o.s.s.web.DefaultSecurityFilterChain     : Creating filter chain: any request, [org.springframework.security.web.context.request.async.WebAsyncManagerIntegrationFilter@5835e24a, org.springframework.security.web.context.SecurityContextPersistenceFilter@699e0bf0, org.springframework.security.web.header.HeaderWriterFilter@1669931a, org.springframework.security.web.csrf.CsrfFilter@1d226f27, org.springframework.security.web.authentication.logout.LogoutFilter@75e0a54c, org.springframework.security.web.authentication.UsernamePasswordAuthenticationFilter@77cddc0c, org.springframework.security.web.authentication.ui.DefaultLoginPageGeneratingFilter@2d24cdd9, org.springframework.security.web.authentication.ui.DefaultLogoutPageGeneratingFilter@5238896f, org.springframework.security.web.authentication.www.BasicAuthenticationFilter@d49e8c6, org.springframework.security.web.savedrequest.RequestCacheAwareFilter@36d697ab, org.springframework.security.web.servletapi.SecurityContextHolderAwareRequestFilter@6182ffef, org.springframework.security.web.authentication.AnonymousAuthenticationFilter@74a85515, org.springframework.security.web.session.SessionManagementFilter@12e007be, org.springframework.security.web.access.ExceptionTranslationFilter@faec277, org.springframework.security.web.access.intercept.FilterSecurityInterceptor@26994c6a]
2020-01-22 17:23:14.349  INFO 7696 --- [main] o.s.s.concurrent.ThreadPoolTaskExecutor  : Initializing ExecutorService 'applicationTaskExecutor'
2020-01-22 17:23:14.727  INFO 7696 --- [main] o.s.b.w.embedded.tomcat.TomcatWebServer  : Tomcat started on port(s): 8080 (http) with context path ''
2020-01-22 17:23:14.730  INFO 7696 --- [main] ru.kuper.twodbapp.TwoDbAppApplication    : Started TwoDbAppApplication in 5.494 seconds (JVM running for 6.346)
2020-01-22 17:23:15.115  INFO 7696 --- [main] org.mongodb.driver.connection            : Opened connection [connectionId{localValue:2, serverValue:15}] to localhost:27017
2020-01-22 17:23:33.034  INFO 7696 --- [http-nio-8080-exec-1] o.a.c.c.C.[Tomcat].[localhost].[/]       : Initializing Spring DispatcherServlet 'dispatcherServlet'
2020-01-22 17:23:33.035  INFO 7696 --- [http-nio-8080-exec-1] o.s.web.servlet.DispatcherServlet        : Initializing Servlet 'dispatcherServlet'
2020-01-22 17:23:33.044  INFO 7696 --- [http-nio-8080-exec-1] o.s.web.servlet.DispatcherServlet        : Completed initialization in 9 ms
2020-01-22 17:24:58.441  INFO 7696 --- [http-nio-8080-exec-2] r.k.twodbapp.controller.ImageController  : Image rendered #1
2020-01-22 17:24:58.580  INFO 7696 --- [http-nio-8080-exec-3] r.k.twodbapp.controller.ImageController  : Image rendered #1
2020-01-22 17:25:02.199  INFO 7696 --- [http-nio-8080-exec-4] r.k.twodbapp.controller.ImageController  : Image rendered #4
2020-01-22 17:25:06.027  INFO 7696 --- [http-nio-8080-exec-6] r.k.twodbapp.controller.ImageController  : Image rendered #5
2020-01-22 17:25:09.300 ERROR 7696 --- [http-nio-8080-exec-7] o.a.c.c.C.[.[.[/].[dispatcherServlet]    : Servlet.service() for servlet [dispatcherServlet] in context with path [] threw exception [Request processing failed; nested exception is java.util.NoSuchElementException: No value present] with root cause

java.util.NoSuchElementException: No value present
	at java.util.Optional.get(Optional.java:135) ~[na:1.8.0_231]
	at ru.kuper.twodbapp.controller.ImageController.renderImage(ImageController.java:51) ~[classes/:na]
	at sun.reflect.NativeMethodAccessorImpl.invoke0(Native Method) ~[na:1.8.0_231]
	at sun.reflect.NativeMethodAccessorImpl.invoke(NativeMethodAccessorImpl.java:62) ~[na:1.8.0_231]
	at sun.reflect.DelegatingMethodAccessorImpl.invoke(DelegatingMethodAccessorImpl.java:43) ~[na:1.8.0_231]
	at java.lang.reflect.Method.invoke(Method.java:498) ~[na:1.8.0_231]
	at org.springframework.web.method.support.InvocableHandlerMethod.doInvoke(InvocableHandlerMethod.java:190) ~[spring-web-5.2.2.RELEASE.jar:5.2.2.RELEASE]
	at org.springframework.web.method.support.InvocableHandlerMethod.invokeForRequest(InvocableHandlerMethod.java:138) ~[spring-web-5.2.2.RELEASE.jar:5.2.2.RELEASE]
	at org.springframework.web.servlet.mvc.method.annotation.ServletInvocableHandlerMethod.invokeAndHandle(ServletInvocableHandlerMethod.java:106) ~[spring-webmvc-5.2.2.RELEASE.jar:5.2.2.RELEASE]
	at org.springframework.web.servlet.mvc.method.annotation.RequestMappingHandlerAdapter.invokeHandlerMethod(RequestMappingHandlerAdapter.java:888) ~[spring-webmvc-5.2.2.RELEASE.jar:5.2.2.RELEASE]
	at org.springframework.web.servlet.mvc.method.annotation.RequestMappingHandlerAdapter.handleInternal(RequestMappingHandlerAdapter.java:793) ~[spring-webmvc-5.2.2.RELEASE.jar:5.2.2.RELEASE]
	at org.springframework.web.servlet.mvc.method.AbstractHandlerMethodAdapter.handle(AbstractHandlerMethodAdapter.java:87) ~[spring-webmvc-5.2.2.RELEASE.jar:5.2.2.RELEASE]
	at org.springframework.web.servlet.DispatcherServlet.doDispatch(DispatcherServlet.java:1040) ~[spring-webmvc-5.2.2.RELEASE.jar:5.2.2.RELEASE]
	at org.springframework.web.servlet.DispatcherServlet.doService(DispatcherServlet.java:943) ~[spring-webmvc-5.2.2.RELEASE.jar:5.2.2.RELEASE]
	at org.springframework.web.servlet.FrameworkServlet.processRequest(FrameworkServlet.java:1006) ~[spring-webmvc-5.2.2.RELEASE.jar:5.2.2.RELEASE]
	at org.springframework.web.servlet.FrameworkServlet.doGet(FrameworkServlet.java:898) ~[spring-webmvc-5.2.2.RELEASE.jar:5.2.2.RELEASE]
	at javax.servlet.http.HttpServlet.service(HttpServlet.java:634) ~[tomcat-embed-core-9.0.29.jar:9.0.29]
	at org.springframework.web.servlet.FrameworkServlet.service(FrameworkServlet.java:883) ~[spring-webmvc-5.2.2.RELEASE.jar:5.2.2.RELEASE]
	at javax.servlet.http.HttpServlet.service(HttpServlet.java:741) ~[tomcat-embed-core-9.0.29.jar:9.0.29]
	at org.apache.catalina.core.ApplicationFilterChain.internalDoFilter(ApplicationFilterChain.java:231) ~[tomcat-embed-core-9.0.29.jar:9.0.29]
	at org.apache.catalina.core.ApplicationFilterChain.doFilter(ApplicationFilterChain.java:166) ~[tomcat-embed-core-9.0.29.jar:9.0.29]
	at org.apache.tomcat.websocket.server.WsFilter.doFilter(WsFilter.java:53) ~[tomcat-embed-websocket-9.0.29.jar:9.0.29]
	at org.apache.catalina.core.ApplicationFilterChain.internalDoFilter(ApplicationFilterChain.java:193) ~[tomcat-embed-core-9.0.29.jar:9.0.29]
	at org.apache.catalina.core.ApplicationFilterChain.doFilter(ApplicationFilterChain.java:166) ~[tomcat-embed-core-9.0.29.jar:9.0.29]
	at org.springframework.security.web.FilterChainProxy$VirtualFilterChain.doFilter(FilterChainProxy.java:320) ~[spring-security-web-5.2.1.RELEASE.jar:5.2.1.RELEASE]
	at org.springframework.security.web.access.intercept.FilterSecurityInterceptor.invoke(FilterSecurityInterceptor.java:126) ~[spring-security-web-5.2.1.RELEASE.jar:5.2.1.RELEASE]
	at org.springframework.security.web.access.intercept.FilterSecurityInterceptor.doFilter(FilterSecurityInterceptor.java:90) ~[spring-security-web-5.2.1.RELEASE.jar:5.2.1.RELEASE]
	at org.springframework.security.web.FilterChainProxy$VirtualFilterChain.doFilter(FilterChainProxy.java:334) ~[spring-security-web-5.2.1.RELEASE.jar:5.2.1.RELEASE]
	at org.springframework.security.web.access.ExceptionTranslationFilter.doFilter(ExceptionTranslationFilter.java:118) ~[spring-security-web-5.2.1.RELEASE.jar:5.2.1.RELEASE]
	at org.springframework.security.web.FilterChainProxy$VirtualFilterChain.doFilter(FilterChainProxy.java:334) ~[spring-security-web-5.2.1.RELEASE.jar:5.2.1.RELEASE]
	at org.springframework.security.web.session.SessionManagementFilter.doFilter(SessionManagementFilter.java:137) ~[spring-security-web-5.2.1.RELEASE.jar:5.2.1.RELEASE]
	at org.springframework.security.web.FilterChainProxy$VirtualFilterChain.doFilter(FilterChainProxy.java:334) ~[spring-security-web-5.2.1.RELEASE.jar:5.2.1.RELEASE]
	at org.springframework.security.web.authentication.AnonymousAuthenticationFilter.doFilter(AnonymousAuthenticationFilter.java:111) ~[spring-security-web-5.2.1.RELEASE.jar:5.2.1.RELEASE]
	at org.springframework.security.web.FilterChainProxy$VirtualFilterChain.doFilter(FilterChainProxy.java:334) ~[spring-security-web-5.2.1.RELEASE.jar:5.2.1.RELEASE]
	at org.springframework.security.web.servletapi.SecurityContextHolderAwareRequestFilter.doFilter(SecurityContextHolderAwareRequestFilter.java:158) ~[spring-security-web-5.2.1.RELEASE.jar:5.2.1.RELEASE]
	at org.springframework.security.web.FilterChainProxy$VirtualFilterChain.doFilter(FilterChainProxy.java:334) ~[spring-security-web-5.2.1.RELEASE.jar:5.2.1.RELEASE]
	at org.springframework.security.web.savedrequest.RequestCacheAwareFilter.doFilter(RequestCacheAwareFilter.java:63) ~[spring-security-web-5.2.1.RELEASE.jar:5.2.1.RELEASE]
	at org.springframework.security.web.FilterChainProxy$VirtualFilterChain.doFilter(FilterChainProxy.java:334) ~[spring-security-web-5.2.1.RELEASE.jar:5.2.1.RELEASE]
	at org.springframework.security.web.authentication.www.BasicAuthenticationFilter.doFilterInternal(BasicAuthenticationFilter.java:154) ~[spring-security-web-5.2.1.RELEASE.jar:5.2.1.RELEASE]
	at org.springframework.web.filter.OncePerRequestFilter.doFilter(OncePerRequestFilter.java:119) ~[spring-web-5.2.2.RELEASE.jar:5.2.2.RELEASE]
	at org.springframework.security.web.FilterChainProxy$VirtualFilterChain.doFilter(FilterChainProxy.java:334) ~[spring-security-web-5.2.1.RELEASE.jar:5.2.1.RELEASE]
	at org.springframework.security.web.authentication.ui.DefaultLogoutPageGeneratingFilter.doFilterInternal(DefaultLogoutPageGeneratingFilter.java:52) ~[spring-security-web-5.2.1.RELEASE.jar:5.2.1.RELEASE]
	at org.springframework.web.filter.OncePerRequestFilter.doFilter(OncePerRequestFilter.java:119) ~[spring-web-5.2.2.RELEASE.jar:5.2.2.RELEASE]
	at org.springframework.security.web.FilterChainProxy$VirtualFilterChain.doFilter(FilterChainProxy.java:334) ~[spring-security-web-5.2.1.RELEASE.jar:5.2.1.RELEASE]
	at org.springframework.security.web.authentication.ui.DefaultLoginPageGeneratingFilter.doFilter(DefaultLoginPageGeneratingFilter.java:216) ~[spring-security-web-5.2.1.RELEASE.jar:5.2.1.RELEASE]
	at org.springframework.security.web.FilterChainProxy$VirtualFilterChain.doFilter(FilterChainProxy.java:334) ~[spring-security-web-5.2.1.RELEASE.jar:5.2.1.RELEASE]
	at org.springframework.security.web.authentication.AbstractAuthenticationProcessingFilter.doFilter(AbstractAuthenticationProcessingFilter.java:200) ~[spring-security-web-5.2.1.RELEASE.jar:5.2.1.RELEASE]
	at org.springframework.security.web.FilterChainProxy$VirtualFilterChain.doFilter(FilterChainProxy.java:334) ~[spring-security-web-5.2.1.RELEASE.jar:5.2.1.RELEASE]
	at org.springframework.security.web.authentication.logout.LogoutFilter.doFilter(LogoutFilter.java:116) ~[spring-security-web-5.2.1.RELEASE.jar:5.2.1.RELEASE]
	at org.springframework.security.web.FilterChainProxy$VirtualFilterChain.doFilter(FilterChainProxy.java:334) ~[spring-security-web-5.2.1.RELEASE.jar:5.2.1.RELEASE]
	at org.springframework.security.web.csrf.CsrfFilter.doFilterInternal(CsrfFilter.java:117) ~[spring-security-web-5.2.1.RELEASE.jar:5.2.1.RELEASE]
	at org.springframework.web.filter.OncePerRequestFilter.doFilter(OncePerRequestFilter.java:119) ~[spring-web-5.2.2.RELEASE.jar:5.2.2.RELEASE]
	at org.springframework.security.web.FilterChainProxy$VirtualFilterChain.doFilter(FilterChainProxy.java:334) ~[spring-security-web-5.2.1.RELEASE.jar:5.2.1.RELEASE]
	at org.springframework.security.web.header.HeaderWriterFilter.doHeadersAfter(HeaderWriterFilter.java:92) ~[spring-security-web-5.2.1.RELEASE.jar:5.2.1.RELEASE]
	at org.springframework.security.web.header.HeaderWriterFilter.doFilterInternal(HeaderWriterFilter.java:77) ~[spring-security-web-5.2.1.RELEASE.jar:5.2.1.RELEASE]
	at org.springframework.web.filter.OncePerRequestFilter.doFilter(OncePerRequestFilter.java:119) ~[spring-web-5.2.2.RELEASE.jar:5.2.2.RELEASE]
	at org.springframework.security.web.FilterChainProxy$VirtualFilterChain.doFilter(FilterChainProxy.java:334) ~[spring-security-web-5.2.1.RELEASE.jar:5.2.1.RELEASE]
	at org.springframework.security.web.context.SecurityContextPersistenceFilter.doFilter(SecurityContextPersistenceFilter.java:105) ~[spring-security-web-5.2.1.RELEASE.jar:5.2.1.RELEASE]
	at org.springframework.security.web.FilterChainProxy$VirtualFilterChain.doFilter(FilterChainProxy.java:334) ~[spring-security-web-5.2.1.RELEASE.jar:5.2.1.RELEASE]
	at org.springframework.security.web.context.request.async.WebAsyncManagerIntegrationFilter.doFilterInternal(WebAsyncManagerIntegrationFilter.java:56) ~[spring-security-web-5.2.1.RELEASE.jar:5.2.1.RELEASE]
	at org.springframework.web.filter.OncePerRequestFilter.doFilter(OncePerRequestFilter.java:119) ~[spring-web-5.2.2.RELEASE.jar:5.2.2.RELEASE]
	at org.springframework.security.web.FilterChainProxy$VirtualFilterChain.doFilter(FilterChainProxy.java:334) ~[spring-security-web-5.2.1.RELEASE.jar:5.2.1.RELEASE]
	at org.springframework.security.web.FilterChainProxy.doFilterInternal(FilterChainProxy.java:215) ~[spring-security-web-5.2.1.RELEASE.jar:5.2.1.RELEASE]
	at org.springframework.security.web.FilterChainProxy.doFilter(FilterChainProxy.java:178) ~[spring-security-web-5.2.1.RELEASE.jar:5.2.1.RELEASE]
	at org.springframework.web.filter.DelegatingFilterProxy.invokeDelegate(DelegatingFilterProxy.java:358) ~[spring-web-5.2.2.RELEASE.jar:5.2.2.RELEASE]
	at org.springframework.web.filter.DelegatingFilterProxy.doFilter(DelegatingFilterProxy.java:271) ~[spring-web-5.2.2.RELEASE.jar:5.2.2.RELEASE]
	at org.apache.catalina.core.ApplicationFilterChain.internalDoFilter(ApplicationFilterChain.java:193) ~[tomcat-embed-core-9.0.29.jar:9.0.29]
	at org.apache.catalina.core.ApplicationFilterChain.doFilter(ApplicationFilterChain.java:166) ~[tomcat-embed-core-9.0.29.jar:9.0.29]
	at org.springframework.web.filter.RequestContextFilter.doFilterInternal(RequestContextFilter.java:100) ~[spring-web-5.2.2.RELEASE.jar:5.2.2.RELEASE]
	at org.springframework.web.filter.OncePerRequestFilter.doFilter(OncePerRequestFilter.java:119) ~[spring-web-5.2.2.RELEASE.jar:5.2.2.RELEASE]
	at org.apache.catalina.core.ApplicationFilterChain.internalDoFilter(ApplicationFilterChain.java:193) ~[tomcat-embed-core-9.0.29.jar:9.0.29]
	at org.apache.catalina.core.ApplicationFilterChain.doFilter(ApplicationFilterChain.java:166) ~[tomcat-embed-core-9.0.29.jar:9.0.29]
	at org.springframework.web.filter.FormContentFilter.doFilterInternal(FormContentFilter.java:93) ~[spring-web-5.2.2.RELEASE.jar:5.2.2.RELEASE]
	at org.springframework.web.filter.OncePerRequestFilter.doFilter(OncePerRequestFilter.java:119) ~[spring-web-5.2.2.RELEASE.jar:5.2.2.RELEASE]
	at org.apache.catalina.core.ApplicationFilterChain.internalDoFilter(ApplicationFilterChain.java:193) ~[tomcat-embed-core-9.0.29.jar:9.0.29]
	at org.apache.catalina.core.ApplicationFilterChain.doFilter(ApplicationFilterChain.java:166) ~[tomcat-embed-core-9.0.29.jar:9.0.29]
	at org.springframework.web.filter.CharacterEncodingFilter.doFilterInternal(CharacterEncodingFilter.java:201) ~[spring-web-5.2.2.RELEASE.jar:5.2.2.RELEASE]
	at org.springframework.web.filter.OncePerRequestFilter.doFilter(OncePerRequestFilter.java:119) ~[spring-web-5.2.2.RELEASE.jar:5.2.2.RELEASE]
	at org.apache.catalina.core.ApplicationFilterChain.internalDoFilter(ApplicationFilterChain.java:193) ~[tomcat-embed-core-9.0.29.jar:9.0.29]
	at org.apache.catalina.core.ApplicationFilterChain.doFilter(ApplicationFilterChain.java:166) ~[tomcat-embed-core-9.0.29.jar:9.0.29]
	at org.apache.catalina.core.StandardWrapperValve.invoke(StandardWrapperValve.java:202) ~[tomcat-embed-core-9.0.29.jar:9.0.29]
	at org.apache.catalina.core.StandardContextValve.invoke(StandardContextValve.java:96) [tomcat-embed-core-9.0.29.jar:9.0.29]
	at org.apache.catalina.authenticator.AuthenticatorBase.invoke(AuthenticatorBase.java:526) [tomcat-embed-core-9.0.29.jar:9.0.29]
	at org.apache.catalina.core.StandardHostValve.invoke(StandardHostValve.java:139) [tomcat-embed-core-9.0.29.jar:9.0.29]
	at org.apache.catalina.valves.ErrorReportValve.invoke(ErrorReportValve.java:92) [tomcat-embed-core-9.0.29.jar:9.0.29]
	at org.apache.catalina.core.StandardEngineValve.invoke(StandardEngineValve.java:74) [tomcat-embed-core-9.0.29.jar:9.0.29]
	at org.apache.catalina.connector.CoyoteAdapter.service(CoyoteAdapter.java:343) [tomcat-embed-core-9.0.29.jar:9.0.29]
	at org.apache.coyote.http11.Http11Processor.service(Http11Processor.java:367) [tomcat-embed-core-9.0.29.jar:9.0.29]
	at org.apache.coyote.AbstractProcessorLight.process(AbstractProcessorLight.java:65) [tomcat-embed-core-9.0.29.jar:9.0.29]
	at org.apache.coyote.AbstractProtocol$ConnectionHandler.process(AbstractProtocol.java:860) [tomcat-embed-core-9.0.29.jar:9.0.29]
	at org.apache.tomcat.util.net.NioEndpoint$SocketProcessor.doRun(NioEndpoint.java:1591) [tomcat-embed-core-9.0.29.jar:9.0.29]
	at org.apache.tomcat.util.net.SocketProcessorBase.run(SocketProcessorBase.java:49) [tomcat-embed-core-9.0.29.jar:9.0.29]
	at java.util.concurrent.ThreadPoolExecutor.runWorker(ThreadPoolExecutor.java:1149) [na:1.8.0_231]
	at java.util.concurrent.ThreadPoolExecutor$Worker.run(ThreadPoolExecutor.java:624) [na:1.8.0_231]
	at org.apache.tomcat.util.threads.TaskThread$WrappingRunnable.run(TaskThread.java:61) [tomcat-embed-core-9.0.29.jar:9.0.29]
	at java.lang.Thread.run(Thread.java:748) [na:1.8.0_231]

2020-01-22 17:25:12.816  INFO 7696 --- [http-nio-8080-exec-10] r.k.twodbapp.controller.ImageController  : Image rendered #5
